[2024-01-06 23:53:54,844] INFO [Controller id=0 epoch=1] Sending UpdateMetadata request to brokers Set(0) for 0 partitions (state.change.logger)
[2024-01-07 00:18:07,643] INFO [Controller id=0 epoch=2] Sending UpdateMetadata request to brokers Set(0) for 0 partitions (state.change.logger)
[2024-01-07 13:02:05,048] INFO [Controller id=0 epoch=3] Sending UpdateMetadata request to brokers Set(0) for 0 partitions (state.change.logger)
[2024-01-07 15:02:15,705] INFO [Controller id=0 epoch=3] Changed partition follow-0 state from NonExistentPartition to NewPartition with assigned replicas 0 (state.change.logger)
[2024-01-07 15:02:15,707] INFO [Controller id=0 epoch=3] Changed partition delete-0 state from NonExistentPartition to NewPartition with assigned replicas 0 (state.change.logger)
[2024-01-07 15:02:15,707] INFO [Controller id=0 epoch=3] Changed partition publish-0 state from NonExistentPartition to NewPartition with assigned replicas 0 (state.change.logger)
[2024-01-07 15:02:15,709] INFO [Controller id=0 epoch=3] Sending UpdateMetadata request to brokers Set() for 0 partitions (state.change.logger)
[2024-01-07 15:02:15,722] INFO [Controller id=0 epoch=3] Sending UpdateMetadata request to brokers Set() for 0 partitions (state.change.logger)
[2024-01-07 15:02:15,796] INFO [Controller id=0 epoch=3] Changed partition follow-0 from NewPartition to OnlinePartition with state LeaderAndIsr(leader=0, leaderEpoch=0, isrWithBrokerEpoch=List(BrokerState(brokerId=0, brokerEpoch=-1)), leaderRecoveryState=RECOVERED, partitionEpoch=0) (state.change.logger)
[2024-01-07 15:02:15,796] INFO [Controller id=0 epoch=3] Changed partition delete-0 from NewPartition to OnlinePartition with state LeaderAndIsr(leader=0, leaderEpoch=0, isrWithBrokerEpoch=List(BrokerState(brokerId=0, brokerEpoch=-1)), leaderRecoveryState=RECOVERED, partitionEpoch=0) (state.change.logger)
[2024-01-07 15:02:15,796] INFO [Controller id=0 epoch=3] Changed partition publish-0 from NewPartition to OnlinePartition with state LeaderAndIsr(leader=0, leaderEpoch=0, isrWithBrokerEpoch=List(BrokerState(brokerId=0, brokerEpoch=-1)), leaderRecoveryState=RECOVERED, partitionEpoch=0) (state.change.logger)
[2024-01-07 15:02:15,804] INFO [Controller id=0 epoch=3] Sending LeaderAndIsr request to broker 0 with 3 become-leader and 0 become-follower partitions (state.change.logger)
[2024-01-07 15:02:15,811] INFO [Controller id=0 epoch=3] Sending UpdateMetadata request to brokers Set(0) for 3 partitions (state.change.logger)
[2024-01-07 15:02:15,815] INFO [Controller id=0 epoch=3] Sending UpdateMetadata request to brokers Set() for 0 partitions (state.change.logger)
[2024-01-07 15:02:15,843] INFO [Controller id=0 epoch=3] Changed partition __consumer_offsets-22 state from NonExistentPartition to NewPartition with assigned replicas 0 (state.change.logger)
[2024-01-07 15:02:15,843] INFO [Controller id=0 epoch=3] Changed partition __consumer_offsets-30 state from NonExistentPartition to NewPartition with assigned replicas 0 (state.change.logger)
[2024-01-07 15:02:15,843] INFO [Controller id=0 epoch=3] Changed partition __consumer_offsets-8 state from NonExistentPartition to NewPartition with assigned replicas 0 (state.change.logger)
[2024-01-07 15:02:15,844] INFO [Controller id=0 epoch=3] Changed partition __consumer_offsets-21 state from NonExistentPartition to NewPartition with assigned replicas 0 (state.change.logger)
[2024-01-07 15:02:15,844] INFO [Controller id=0 epoch=3] Changed partition __consumer_offsets-4 state from NonExistentPartition to NewPartition with assigned replicas 0 (state.change.logger)
[2024-01-07 15:02:15,844] INFO [Controller id=0 epoch=3] Changed partition __consumer_offsets-27 state from NonExistentPartition to NewPartition with assigned replicas 0 (state.change.logger)
[2024-01-07 15:02:15,844] INFO [Controller id=0 epoch=3] Changed partition __consumer_offsets-7 state from NonExistentPartition to NewPartition with assigned replicas 0 (state.change.logger)
[2024-01-07 15:02:15,844] INFO [Controller id=0 epoch=3] Changed partition __consumer_offsets-9 state from NonExistentPartition to NewPartition with assigned replicas 0 (state.change.logger)
[2024-01-07 15:02:15,844] INFO [Controller id=0 epoch=3] Changed partition __consumer_offsets-46 state from NonExistentPartition to NewPartition with assigned replicas 0 (state.change.logger)
[2024-01-07 15:02:15,844] INFO [Controller id=0 epoch=3] Changed partition __consumer_offsets-25 state from NonExistentPartition to NewPartition with assigned replicas 0 (state.change.logger)
[2024-01-07 15:02:15,845] INFO [Controller id=0 epoch=3] Changed partition __consumer_offsets-35 state from NonExistentPartition to NewPartition with assigned replicas 0 (state.change.logger)
[2024-01-07 15:02:15,845] INFO [Controller id=0 epoch=3] Changed partition __consumer_offsets-41 state from NonExistentPartition to NewPartition with assigned replicas 0 (state.change.logger)
[2024-01-07 15:02:15,845] INFO [Controller id=0 epoch=3] Changed partition __consumer_offsets-33 state from NonExistentPartition to NewPartition with assigned replicas 0 (state.change.logger)
[2024-01-07 15:02:15,845] INFO [Controller id=0 epoch=3] Changed partition __consumer_offsets-23 state from NonExistentPartition to NewPartition with assigned replicas 0 (state.change.logger)
[2024-01-07 15:02:15,845] INFO [Controller id=0 epoch=3] Changed partition __consumer_offsets-49 state from NonExistentPartition to NewPartition with assigned replicas 0 (state.change.logger)
[2024-01-07 15:02:15,845] INFO [Controller id=0 epoch=3] Changed partition __consumer_offsets-47 state from NonExistentPartition to NewPartition with assigned replicas 0 (state.change.logger)
[2024-01-07 15:02:15,845] INFO [Controller id=0 epoch=3] Changed partition __consumer_offsets-16 state from NonExistentPartition to NewPartition with assigned replicas 0 (state.change.logger)
[2024-01-07 15:02:15,845] INFO [Broker id=0] Handling LeaderAndIsr request correlationId 1 from controller 0 for 3 partitions (state.change.logger)
[2024-01-07 15:02:15,845] INFO [Controller id=0 epoch=3] Changed partition __consumer_offsets-28 state from NonExistentPartition to NewPartition with assigned replicas 0 (state.change.logger)
[2024-01-07 15:02:15,845] INFO [Controller id=0 epoch=3] Changed partition __consumer_offsets-31 state from NonExistentPartition to NewPartition with assigned replicas 0 (state.change.logger)
[2024-01-07 15:02:15,845] INFO [Controller id=0 epoch=3] Changed partition __consumer_offsets-36 state from NonExistentPartition to NewPartition with assigned replicas 0 (state.change.logger)
[2024-01-07 15:02:15,845] INFO [Controller id=0 epoch=3] Changed partition __consumer_offsets-42 state from NonExistentPartition to NewPartition with assigned replicas 0 (state.change.logger)
[2024-01-07 15:02:15,845] INFO [Controller id=0 epoch=3] Changed partition __consumer_offsets-3 state from NonExistentPartition to NewPartition with assigned replicas 0 (state.change.logger)
[2024-01-07 15:02:15,845] INFO [Controller id=0 epoch=3] Changed partition __consumer_offsets-18 state from NonExistentPartition to NewPartition with assigned replicas 0 (state.change.logger)
[2024-01-07 15:02:15,847] INFO [Controller id=0 epoch=3] Changed partition like-0 state from NonExistentPartition to NewPartition with assigned replicas 0 (state.change.logger)
[2024-01-07 15:02:15,847] INFO [Controller id=0 epoch=3] Changed partition comment-0 state from NonExistentPartition to NewPartition with assigned replicas 0 (state.change.logger)
[2024-01-07 15:02:15,847] INFO [Controller id=0 epoch=3] Changed partition __consumer_offsets-37 state from NonExistentPartition to NewPartition with assigned replicas 0 (state.change.logger)
[2024-01-07 15:02:15,847] INFO [Controller id=0 epoch=3] Changed partition __consumer_offsets-15 state from NonExistentPartition to NewPartition with assigned replicas 0 (state.change.logger)
[2024-01-07 15:02:15,847] INFO [Controller id=0 epoch=3] Changed partition __consumer_offsets-24 state from NonExistentPartition to NewPartition with assigned replicas 0 (state.change.logger)
[2024-01-07 15:02:15,847] INFO [Controller id=0 epoch=3] Changed partition __consumer_offsets-38 state from NonExistentPartition to NewPartition with assigned replicas 0 (state.change.logger)
[2024-01-07 15:02:15,847] INFO [Controller id=0 epoch=3] Changed partition __consumer_offsets-17 state from NonExistentPartition to NewPartition with assigned replicas 0 (state.change.logger)
[2024-01-07 15:02:15,847] INFO [Controller id=0 epoch=3] Changed partition __consumer_offsets-48 state from NonExistentPartition to NewPartition with assigned replicas 0 (state.change.logger)
[2024-01-07 15:02:15,847] INFO [Controller id=0 epoch=3] Changed partition __consumer_offsets-19 state from NonExistentPartition to NewPartition with assigned replicas 0 (state.change.logger)
[2024-01-07 15:02:15,847] INFO [Controller id=0 epoch=3] Changed partition __consumer_offsets-11 state from NonExistentPartition to NewPartition with assigned replicas 0 (state.change.logger)
[2024-01-07 15:02:15,848] INFO [Controller id=0 epoch=3] Changed partition __consumer_offsets-13 state from NonExistentPartition to NewPartition with assigned replicas 0 (state.change.logger)
[2024-01-07 15:02:15,848] INFO [Controller id=0 epoch=3] Changed partition __consumer_offsets-2 state from NonExistentPartition to NewPartition with assigned replicas 0 (state.change.logger)
[2024-01-07 15:02:15,848] INFO [Controller id=0 epoch=3] Changed partition __consumer_offsets-43 state from NonExistentPartition to NewPartition with assigned replicas 0 (state.change.logger)
[2024-01-07 15:02:15,848] INFO [Controller id=0 epoch=3] Changed partition __consumer_offsets-6 state from NonExistentPartition to NewPartition with assigned replicas 0 (state.change.logger)
[2024-01-07 15:02:15,848] INFO [Controller id=0 epoch=3] Changed partition __consumer_offsets-14 state from NonExistentPartition to NewPartition with assigned replicas 0 (state.change.logger)
[2024-01-07 15:02:15,848] INFO [Controller id=0 epoch=3] Changed partition __consumer_offsets-20 state from NonExistentPartition to NewPartition with assigned replicas 0 (state.change.logger)
[2024-01-07 15:02:15,848] INFO [Controller id=0 epoch=3] Changed partition __consumer_offsets-0 state from NonExistentPartition to NewPartition with assigned replicas 0 (state.change.logger)
[2024-01-07 15:02:15,848] INFO [Controller id=0 epoch=3] Changed partition __consumer_offsets-44 state from NonExistentPartition to NewPartition with assigned replicas 0 (state.change.logger)
[2024-01-07 15:02:15,848] INFO [Controller id=0 epoch=3] Changed partition __consumer_offsets-39 state from NonExistentPartition to NewPartition with assigned replicas 0 (state.change.logger)
[2024-01-07 15:02:15,849] INFO [Controller id=0 epoch=3] Changed partition __consumer_offsets-12 state from NonExistentPartition to NewPartition with assigned replicas 0 (state.change.logger)
[2024-01-07 15:02:15,849] INFO [Controller id=0 epoch=3] Changed partition __consumer_offsets-45 state from NonExistentPartition to NewPartition with assigned replicas 0 (state.change.logger)
[2024-01-07 15:02:15,849] INFO [Controller id=0 epoch=3] Changed partition __consumer_offsets-1 state from NonExistentPartition to NewPartition with assigned replicas 0 (state.change.logger)
[2024-01-07 15:02:15,849] INFO [Controller id=0 epoch=3] Changed partition __consumer_offsets-5 state from NonExistentPartition to NewPartition with assigned replicas 0 (state.change.logger)
[2024-01-07 15:02:15,849] INFO [Controller id=0 epoch=3] Changed partition __consumer_offsets-26 state from NonExistentPartition to NewPartition with assigned replicas 0 (state.change.logger)
[2024-01-07 15:02:15,849] INFO [Controller id=0 epoch=3] Changed partition __consumer_offsets-29 state from NonExistentPartition to NewPartition with assigned replicas 0 (state.change.logger)
[2024-01-07 15:02:15,849] INFO [Controller id=0 epoch=3] Changed partition __consumer_offsets-34 state from NonExistentPartition to NewPartition with assigned replicas 0 (state.change.logger)
[2024-01-07 15:02:15,849] INFO [Controller id=0 epoch=3] Changed partition __consumer_offsets-10 state from NonExistentPartition to NewPartition with assigned replicas 0 (state.change.logger)
[2024-01-07 15:02:15,849] INFO [Controller id=0 epoch=3] Changed partition __consumer_offsets-32 state from NonExistentPartition to NewPartition with assigned replicas 0 (state.change.logger)
[2024-01-07 15:02:15,850] INFO [Controller id=0 epoch=3] Changed partition __consumer_offsets-40 state from NonExistentPartition to NewPartition with assigned replicas 0 (state.change.logger)
[2024-01-07 15:02:15,850] INFO [Controller id=0 epoch=3] Sending UpdateMetadata request to brokers Set() for 0 partitions (state.change.logger)
[2024-01-07 15:02:15,854] INFO [Controller id=0 epoch=3] Sending UpdateMetadata request to brokers Set() for 0 partitions (state.change.logger)
[2024-01-07 15:02:15,981] INFO [Broker id=0] Stopped fetchers as part of LeaderAndIsr request correlationId 1 from controller 0 epoch 3 as part of the become-leader transition for 3 partitions (state.change.logger)
[2024-01-07 15:02:16,123] INFO [Controller id=0 epoch=3] Changed partition __consumer_offsets-22 from NewPartition to OnlinePartition with state LeaderAndIsr(leader=0, leaderEpoch=0, isrWithBrokerEpoch=List(BrokerState(brokerId=0, brokerEpoch=-1)), leaderRecoveryState=RECOVERED, partitionEpoch=0) (state.change.logger)
[2024-01-07 15:02:16,123] INFO [Controller id=0 epoch=3] Changed partition __consumer_offsets-30 from NewPartition to OnlinePartition with state LeaderAndIsr(leader=0, leaderEpoch=0, isrWithBrokerEpoch=List(BrokerState(brokerId=0, brokerEpoch=-1)), leaderRecoveryState=RECOVERED, partitionEpoch=0) (state.change.logger)
[2024-01-07 15:02:16,123] INFO [Controller id=0 epoch=3] Changed partition __consumer_offsets-8 from NewPartition to OnlinePartition with state LeaderAndIsr(leader=0, leaderEpoch=0, isrWithBrokerEpoch=List(BrokerState(brokerId=0, brokerEpoch=-1)), leaderRecoveryState=RECOVERED, partitionEpoch=0) (state.change.logger)
[2024-01-07 15:02:16,124] INFO [Controller id=0 epoch=3] Changed partition __consumer_offsets-21 from NewPartition to OnlinePartition with state LeaderAndIsr(leader=0, leaderEpoch=0, isrWithBrokerEpoch=List(BrokerState(brokerId=0, brokerEpoch=-1)), leaderRecoveryState=RECOVERED, partitionEpoch=0) (state.change.logger)
[2024-01-07 15:02:16,124] INFO [Controller id=0 epoch=3] Changed partition __consumer_offsets-4 from NewPartition to OnlinePartition with state LeaderAndIsr(leader=0, leaderEpoch=0, isrWithBrokerEpoch=List(BrokerState(brokerId=0, brokerEpoch=-1)), leaderRecoveryState=RECOVERED, partitionEpoch=0) (state.change.logger)
[2024-01-07 15:02:16,124] INFO [Controller id=0 epoch=3] Changed partition __consumer_offsets-27 from NewPartition to OnlinePartition with state LeaderAndIsr(leader=0, leaderEpoch=0, isrWithBrokerEpoch=List(BrokerState(brokerId=0, brokerEpoch=-1)), leaderRecoveryState=RECOVERED, partitionEpoch=0) (state.change.logger)
[2024-01-07 15:02:16,124] INFO [Controller id=0 epoch=3] Changed partition __consumer_offsets-7 from NewPartition to OnlinePartition with state LeaderAndIsr(leader=0, leaderEpoch=0, isrWithBrokerEpoch=List(BrokerState(brokerId=0, brokerEpoch=-1)), leaderRecoveryState=RECOVERED, partitionEpoch=0) (state.change.logger)
[2024-01-07 15:02:16,124] INFO [Controller id=0 epoch=3] Changed partition __consumer_offsets-9 from NewPartition to OnlinePartition with state LeaderAndIsr(leader=0, leaderEpoch=0, isrWithBrokerEpoch=List(BrokerState(brokerId=0, brokerEpoch=-1)), leaderRecoveryState=RECOVERED, partitionEpoch=0) (state.change.logger)
[2024-01-07 15:02:16,124] INFO [Controller id=0 epoch=3] Changed partition __consumer_offsets-46 from NewPartition to OnlinePartition with state LeaderAndIsr(leader=0, leaderEpoch=0, isrWithBrokerEpoch=List(BrokerState(brokerId=0, brokerEpoch=-1)), leaderRecoveryState=RECOVERED, partitionEpoch=0) (state.change.logger)
[2024-01-07 15:02:16,124] INFO [Controller id=0 epoch=3] Changed partition __consumer_offsets-25 from NewPartition to OnlinePartition with state LeaderAndIsr(leader=0, leaderEpoch=0, isrWithBrokerEpoch=List(BrokerState(brokerId=0, brokerEpoch=-1)), leaderRecoveryState=RECOVERED, partitionEpoch=0) (state.change.logger)
[2024-01-07 15:02:16,125] INFO [Controller id=0 epoch=3] Changed partition __consumer_offsets-35 from NewPartition to OnlinePartition with state LeaderAndIsr(leader=0, leaderEpoch=0, isrWithBrokerEpoch=List(BrokerState(brokerId=0, brokerEpoch=-1)), leaderRecoveryState=RECOVERED, partitionEpoch=0) (state.change.logger)
[2024-01-07 15:02:16,125] INFO [Controller id=0 epoch=3] Changed partition __consumer_offsets-41 from NewPartition to OnlinePartition with state LeaderAndIsr(leader=0, leaderEpoch=0, isrWithBrokerEpoch=List(BrokerState(brokerId=0, brokerEpoch=-1)), leaderRecoveryState=RECOVERED, partitionEpoch=0) (state.change.logger)
[2024-01-07 15:02:16,125] INFO [Controller id=0 epoch=3] Changed partition __consumer_offsets-33 from NewPartition to OnlinePartition with state LeaderAndIsr(leader=0, leaderEpoch=0, isrWithBrokerEpoch=List(BrokerState(brokerId=0, brokerEpoch=-1)), leaderRecoveryState=RECOVERED, partitionEpoch=0) (state.change.logger)
[2024-01-07 15:02:16,125] INFO [Controller id=0 epoch=3] Changed partition __consumer_offsets-23 from NewPartition to OnlinePartition with state LeaderAndIsr(leader=0, leaderEpoch=0, isrWithBrokerEpoch=List(BrokerState(brokerId=0, brokerEpoch=-1)), leaderRecoveryState=RECOVERED, partitionEpoch=0) (state.change.logger)
[2024-01-07 15:02:16,125] INFO [Controller id=0 epoch=3] Changed partition __consumer_offsets-49 from NewPartition to OnlinePartition with state LeaderAndIsr(leader=0, leaderEpoch=0, isrWithBrokerEpoch=List(BrokerState(brokerId=0, brokerEpoch=-1)), leaderRecoveryState=RECOVERED, partitionEpoch=0) (state.change.logger)
[2024-01-07 15:02:16,125] INFO [Controller id=0 epoch=3] Changed partition __consumer_offsets-47 from NewPartition to OnlinePartition with state LeaderAndIsr(leader=0, leaderEpoch=0, isrWithBrokerEpoch=List(BrokerState(brokerId=0, brokerEpoch=-1)), leaderRecoveryState=RECOVERED, partitionEpoch=0) (state.change.logger)
[2024-01-07 15:02:16,125] INFO [Controller id=0 epoch=3] Changed partition __consumer_offsets-16 from NewPartition to OnlinePartition with state LeaderAndIsr(leader=0, leaderEpoch=0, isrWithBrokerEpoch=List(BrokerState(brokerId=0, brokerEpoch=-1)), leaderRecoveryState=RECOVERED, partitionEpoch=0) (state.change.logger)
[2024-01-07 15:02:16,126] INFO [Controller id=0 epoch=3] Changed partition __consumer_offsets-28 from NewPartition to OnlinePartition with state LeaderAndIsr(leader=0, leaderEpoch=0, isrWithBrokerEpoch=List(BrokerState(brokerId=0, brokerEpoch=-1)), leaderRecoveryState=RECOVERED, partitionEpoch=0) (state.change.logger)
[2024-01-07 15:02:16,126] INFO [Controller id=0 epoch=3] Changed partition __consumer_offsets-31 from NewPartition to OnlinePartition with state LeaderAndIsr(leader=0, leaderEpoch=0, isrWithBrokerEpoch=List(BrokerState(brokerId=0, brokerEpoch=-1)), leaderRecoveryState=RECOVERED, partitionEpoch=0) (state.change.logger)
[2024-01-07 15:02:16,126] INFO [Controller id=0 epoch=3] Changed partition __consumer_offsets-36 from NewPartition to OnlinePartition with state LeaderAndIsr(leader=0, leaderEpoch=0, isrWithBrokerEpoch=List(BrokerState(brokerId=0, brokerEpoch=-1)), leaderRecoveryState=RECOVERED, partitionEpoch=0) (state.change.logger)
[2024-01-07 15:02:16,126] INFO [Controller id=0 epoch=3] Changed partition __consumer_offsets-42 from NewPartition to OnlinePartition with state LeaderAndIsr(leader=0, leaderEpoch=0, isrWithBrokerEpoch=List(BrokerState(brokerId=0, brokerEpoch=-1)), leaderRecoveryState=RECOVERED, partitionEpoch=0) (state.change.logger)
[2024-01-07 15:02:16,126] INFO [Controller id=0 epoch=3] Changed partition __consumer_offsets-3 from NewPartition to OnlinePartition with state LeaderAndIsr(leader=0, leaderEpoch=0, isrWithBrokerEpoch=List(BrokerState(brokerId=0, brokerEpoch=-1)), leaderRecoveryState=RECOVERED, partitionEpoch=0) (state.change.logger)
[2024-01-07 15:02:16,126] INFO [Controller id=0 epoch=3] Changed partition __consumer_offsets-18 from NewPartition to OnlinePartition with state LeaderAndIsr(leader=0, leaderEpoch=0, isrWithBrokerEpoch=List(BrokerState(brokerId=0, brokerEpoch=-1)), leaderRecoveryState=RECOVERED, partitionEpoch=0) (state.change.logger)
[2024-01-07 15:02:16,126] INFO [Controller id=0 epoch=3] Changed partition like-0 from NewPartition to OnlinePartition with state LeaderAndIsr(leader=0, leaderEpoch=0, isrWithBrokerEpoch=List(BrokerState(brokerId=0, brokerEpoch=-1)), leaderRecoveryState=RECOVERED, partitionEpoch=0) (state.change.logger)
[2024-01-07 15:02:16,126] INFO [Controller id=0 epoch=3] Changed partition comment-0 from NewPartition to OnlinePartition with state LeaderAndIsr(leader=0, leaderEpoch=0, isrWithBrokerEpoch=List(BrokerState(brokerId=0, brokerEpoch=-1)), leaderRecoveryState=RECOVERED, partitionEpoch=0) (state.change.logger)
[2024-01-07 15:02:16,126] INFO [Controller id=0 epoch=3] Changed partition __consumer_offsets-37 from NewPartition to OnlinePartition with state LeaderAndIsr(leader=0, leaderEpoch=0, isrWithBrokerEpoch=List(BrokerState(brokerId=0, brokerEpoch=-1)), leaderRecoveryState=RECOVERED, partitionEpoch=0) (state.change.logger)
[2024-01-07 15:02:16,126] INFO [Controller id=0 epoch=3] Changed partition __consumer_offsets-15 from NewPartition to OnlinePartition with state LeaderAndIsr(leader=0, leaderEpoch=0, isrWithBrokerEpoch=List(BrokerState(brokerId=0, brokerEpoch=-1)), leaderRecoveryState=RECOVERED, partitionEpoch=0) (state.change.logger)
[2024-01-07 15:02:16,127] INFO [Controller id=0 epoch=3] Changed partition __consumer_offsets-24 from NewPartition to OnlinePartition with state LeaderAndIsr(leader=0, leaderEpoch=0, isrWithBrokerEpoch=List(BrokerState(brokerId=0, brokerEpoch=-1)), leaderRecoveryState=RECOVERED, partitionEpoch=0) (state.change.logger)
[2024-01-07 15:02:16,127] INFO [Controller id=0 epoch=3] Changed partition __consumer_offsets-38 from NewPartition to OnlinePartition with state LeaderAndIsr(leader=0, leaderEpoch=0, isrWithBrokerEpoch=List(BrokerState(brokerId=0, brokerEpoch=-1)), leaderRecoveryState=RECOVERED, partitionEpoch=0) (state.change.logger)
[2024-01-07 15:02:16,127] INFO [Controller id=0 epoch=3] Changed partition __consumer_offsets-17 from NewPartition to OnlinePartition with state LeaderAndIsr(leader=0, leaderEpoch=0, isrWithBrokerEpoch=List(BrokerState(brokerId=0, brokerEpoch=-1)), leaderRecoveryState=RECOVERED, partitionEpoch=0) (state.change.logger)
[2024-01-07 15:02:16,127] INFO [Controller id=0 epoch=3] Changed partition __consumer_offsets-48 from NewPartition to OnlinePartition with state LeaderAndIsr(leader=0, leaderEpoch=0, isrWithBrokerEpoch=List(BrokerState(brokerId=0, brokerEpoch=-1)), leaderRecoveryState=RECOVERED, partitionEpoch=0) (state.change.logger)
[2024-01-07 15:02:16,127] INFO [Controller id=0 epoch=3] Changed partition __consumer_offsets-19 from NewPartition to OnlinePartition with state LeaderAndIsr(leader=0, leaderEpoch=0, isrWithBrokerEpoch=List(BrokerState(brokerId=0, brokerEpoch=-1)), leaderRecoveryState=RECOVERED, partitionEpoch=0) (state.change.logger)
[2024-01-07 15:02:16,127] INFO [Controller id=0 epoch=3] Changed partition __consumer_offsets-11 from NewPartition to OnlinePartition with state LeaderAndIsr(leader=0, leaderEpoch=0, isrWithBrokerEpoch=List(BrokerState(brokerId=0, brokerEpoch=-1)), leaderRecoveryState=RECOVERED, partitionEpoch=0) (state.change.logger)
[2024-01-07 15:02:16,127] INFO [Controller id=0 epoch=3] Changed partition __consumer_offsets-13 from NewPartition to OnlinePartition with state LeaderAndIsr(leader=0, leaderEpoch=0, isrWithBrokerEpoch=List(BrokerState(brokerId=0, brokerEpoch=-1)), leaderRecoveryState=RECOVERED, partitionEpoch=0) (state.change.logger)
[2024-01-07 15:02:16,127] INFO [Controller id=0 epoch=3] Changed partition __consumer_offsets-2 from NewPartition to OnlinePartition with state LeaderAndIsr(leader=0, leaderEpoch=0, isrWithBrokerEpoch=List(BrokerState(brokerId=0, brokerEpoch=-1)), leaderRecoveryState=RECOVERED, partitionEpoch=0) (state.change.logger)
[2024-01-07 15:02:16,127] INFO [Controller id=0 epoch=3] Changed partition __consumer_offsets-43 from NewPartition to OnlinePartition with state LeaderAndIsr(leader=0, leaderEpoch=0, isrWithBrokerEpoch=List(BrokerState(brokerId=0, brokerEpoch=-1)), leaderRecoveryState=RECOVERED, partitionEpoch=0) (state.change.logger)
[2024-01-07 15:02:16,128] INFO [Controller id=0 epoch=3] Changed partition __consumer_offsets-6 from NewPartition to OnlinePartition with state LeaderAndIsr(leader=0, leaderEpoch=0, isrWithBrokerEpoch=List(BrokerState(brokerId=0, brokerEpoch=-1)), leaderRecoveryState=RECOVERED, partitionEpoch=0) (state.change.logger)
[2024-01-07 15:02:16,128] INFO [Controller id=0 epoch=3] Changed partition __consumer_offsets-14 from NewPartition to OnlinePartition with state LeaderAndIsr(leader=0, leaderEpoch=0, isrWithBrokerEpoch=List(BrokerState(brokerId=0, brokerEpoch=-1)), leaderRecoveryState=RECOVERED, partitionEpoch=0) (state.change.logger)
[2024-01-07 15:02:16,128] INFO [Controller id=0 epoch=3] Changed partition __consumer_offsets-20 from NewPartition to OnlinePartition with state LeaderAndIsr(leader=0, leaderEpoch=0, isrWithBrokerEpoch=List(BrokerState(brokerId=0, brokerEpoch=-1)), leaderRecoveryState=RECOVERED, partitionEpoch=0) (state.change.logger)
[2024-01-07 15:02:16,128] INFO [Controller id=0 epoch=3] Changed partition __consumer_offsets-0 from NewPartition to OnlinePartition with state LeaderAndIsr(leader=0, leaderEpoch=0, isrWithBrokerEpoch=List(BrokerState(brokerId=0, brokerEpoch=-1)), leaderRecoveryState=RECOVERED, partitionEpoch=0) (state.change.logger)
[2024-01-07 15:02:16,128] INFO [Controller id=0 epoch=3] Changed partition __consumer_offsets-44 from NewPartition to OnlinePartition with state LeaderAndIsr(leader=0, leaderEpoch=0, isrWithBrokerEpoch=List(BrokerState(brokerId=0, brokerEpoch=-1)), leaderRecoveryState=RECOVERED, partitionEpoch=0) (state.change.logger)
[2024-01-07 15:02:16,128] INFO [Controller id=0 epoch=3] Changed partition __consumer_offsets-39 from NewPartition to OnlinePartition with state LeaderAndIsr(leader=0, leaderEpoch=0, isrWithBrokerEpoch=List(BrokerState(brokerId=0, brokerEpoch=-1)), leaderRecoveryState=RECOVERED, partitionEpoch=0) (state.change.logger)
[2024-01-07 15:02:16,128] INFO [Controller id=0 epoch=3] Changed partition __consumer_offsets-12 from NewPartition to OnlinePartition with state LeaderAndIsr(leader=0, leaderEpoch=0, isrWithBrokerEpoch=List(BrokerState(brokerId=0, brokerEpoch=-1)), leaderRecoveryState=RECOVERED, partitionEpoch=0) (state.change.logger)
[2024-01-07 15:02:16,128] INFO [Controller id=0 epoch=3] Changed partition __consumer_offsets-45 from NewPartition to OnlinePartition with state LeaderAndIsr(leader=0, leaderEpoch=0, isrWithBrokerEpoch=List(BrokerState(brokerId=0, brokerEpoch=-1)), leaderRecoveryState=RECOVERED, partitionEpoch=0) (state.change.logger)
[2024-01-07 15:02:16,128] INFO [Controller id=0 epoch=3] Changed partition __consumer_offsets-1 from NewPartition to OnlinePartition with state LeaderAndIsr(leader=0, leaderEpoch=0, isrWithBrokerEpoch=List(BrokerState(brokerId=0, brokerEpoch=-1)), leaderRecoveryState=RECOVERED, partitionEpoch=0) (state.change.logger)
[2024-01-07 15:02:16,129] INFO [Controller id=0 epoch=3] Changed partition __consumer_offsets-5 from NewPartition to OnlinePartition with state LeaderAndIsr(leader=0, leaderEpoch=0, isrWithBrokerEpoch=List(BrokerState(brokerId=0, brokerEpoch=-1)), leaderRecoveryState=RECOVERED, partitionEpoch=0) (state.change.logger)
[2024-01-07 15:02:16,129] INFO [Controller id=0 epoch=3] Changed partition __consumer_offsets-26 from NewPartition to OnlinePartition with state LeaderAndIsr(leader=0, leaderEpoch=0, isrWithBrokerEpoch=List(BrokerState(brokerId=0, brokerEpoch=-1)), leaderRecoveryState=RECOVERED, partitionEpoch=0) (state.change.logger)
[2024-01-07 15:02:16,129] INFO [Controller id=0 epoch=3] Changed partition __consumer_offsets-29 from NewPartition to OnlinePartition with state LeaderAndIsr(leader=0, leaderEpoch=0, isrWithBrokerEpoch=List(BrokerState(brokerId=0, brokerEpoch=-1)), leaderRecoveryState=RECOVERED, partitionEpoch=0) (state.change.logger)
[2024-01-07 15:02:16,129] INFO [Controller id=0 epoch=3] Changed partition __consumer_offsets-34 from NewPartition to OnlinePartition with state LeaderAndIsr(leader=0, leaderEpoch=0, isrWithBrokerEpoch=List(BrokerState(brokerId=0, brokerEpoch=-1)), leaderRecoveryState=RECOVERED, partitionEpoch=0) (state.change.logger)
[2024-01-07 15:02:16,129] INFO [Controller id=0 epoch=3] Changed partition __consumer_offsets-10 from NewPartition to OnlinePartition with state LeaderAndIsr(leader=0, leaderEpoch=0, isrWithBrokerEpoch=List(BrokerState(brokerId=0, brokerEpoch=-1)), leaderRecoveryState=RECOVERED, partitionEpoch=0) (state.change.logger)
[2024-01-07 15:02:16,129] INFO [Controller id=0 epoch=3] Changed partition __consumer_offsets-32 from NewPartition to OnlinePartition with state LeaderAndIsr(leader=0, leaderEpoch=0, isrWithBrokerEpoch=List(BrokerState(brokerId=0, brokerEpoch=-1)), leaderRecoveryState=RECOVERED, partitionEpoch=0) (state.change.logger)
[2024-01-07 15:02:16,129] INFO [Controller id=0 epoch=3] Changed partition __consumer_offsets-40 from NewPartition to OnlinePartition with state LeaderAndIsr(leader=0, leaderEpoch=0, isrWithBrokerEpoch=List(BrokerState(brokerId=0, brokerEpoch=-1)), leaderRecoveryState=RECOVERED, partitionEpoch=0) (state.change.logger)
[2024-01-07 15:02:16,129] INFO [Controller id=0 epoch=3] Sending LeaderAndIsr request to broker 0 with 52 become-leader and 0 become-follower partitions (state.change.logger)
[2024-01-07 15:02:16,131] INFO [Controller id=0 epoch=3] Sending UpdateMetadata request to brokers Set(0) for 52 partitions (state.change.logger)
[2024-01-07 15:02:16,134] INFO [Controller id=0 epoch=3] Sending UpdateMetadata request to brokers Set() for 0 partitions (state.change.logger)
[2024-01-07 15:02:16,290] INFO [Broker id=0] Leader publish-0 with topic id Some(CJN_SehLQyaeZ-aFiJQ2Pw) starts at leader epoch 0 from offset 0 with partition epoch 0, high watermark 0, ISR [0], adding replicas [] and removing replicas [] . Previous leader None and previous leader epoch was -1. (state.change.logger)
[2024-01-07 15:02:16,324] INFO [Broker id=0] Leader delete-0 with topic id Some(_T5XV1n8SxSLSTvMvV_aFQ) starts at leader epoch 0 from offset 0 with partition epoch 0, high watermark 0, ISR [0], adding replicas [] and removing replicas [] . Previous leader None and previous leader epoch was -1. (state.change.logger)
[2024-01-07 15:02:16,344] INFO [Broker id=0] Leader follow-0 with topic id Some(fHWdQhICRMOqZmzJhnD1yA) starts at leader epoch 0 from offset 0 with partition epoch 0, high watermark 0, ISR [0], adding replicas [] and removing replicas [] . Previous leader None and previous leader epoch was -1. (state.change.logger)
[2024-01-07 15:02:16,374] INFO [Broker id=0] Finished LeaderAndIsr request in 532ms correlationId 1 from controller 0 for 3 partitions (state.change.logger)
[2024-01-07 15:02:16,394] INFO [Broker id=0] Add 3 partitions and deleted 0 partitions from metadata cache in response to UpdateMetadata request sent by controller 0 epoch 3 with correlation id 2 (state.change.logger)
[2024-01-07 15:02:16,401] INFO [Broker id=0] Handling LeaderAndIsr request correlationId 3 from controller 0 for 52 partitions (state.change.logger)
[2024-01-07 15:02:16,444] INFO [Broker id=0] Stopped fetchers as part of LeaderAndIsr request correlationId 3 from controller 0 epoch 3 as part of the become-leader transition for 52 partitions (state.change.logger)
[2024-01-07 15:02:16,493] INFO [Broker id=0] Leader __consumer_offsets-0 with topic id Some(z_3_HE5tS4esL1u0PgJ9wQ) starts at leader epoch 0 from offset 0 with partition epoch 0, high watermark 0, ISR [0], adding replicas [] and removing replicas [] . Previous leader None and previous leader epoch was -1. (state.change.logger)
[2024-01-07 15:02:16,516] INFO [Broker id=0] Leader __consumer_offsets-29 with topic id Some(z_3_HE5tS4esL1u0PgJ9wQ) starts at leader epoch 0 from offset 0 with partition epoch 0, high watermark 0, ISR [0], adding replicas [] and removing replicas [] . Previous leader None and previous leader epoch was -1. (state.change.logger)
[2024-01-07 15:02:16,541] INFO [Broker id=0] Leader __consumer_offsets-48 with topic id Some(z_3_HE5tS4esL1u0PgJ9wQ) starts at leader epoch 0 from offset 0 with partition epoch 0, high watermark 0, ISR [0], adding replicas [] and removing replicas [] . Previous leader None and previous leader epoch was -1. (state.change.logger)
[2024-01-07 15:02:16,567] INFO [Broker id=0] Leader __consumer_offsets-10 with topic id Some(z_3_HE5tS4esL1u0PgJ9wQ) starts at leader epoch 0 from offset 0 with partition epoch 0, high watermark 0, ISR [0], adding replicas [] and removing replicas [] . Previous leader None and previous leader epoch was -1. (state.change.logger)
[2024-01-07 15:02:16,592] INFO [Broker id=0] Leader __consumer_offsets-45 with topic id Some(z_3_HE5tS4esL1u0PgJ9wQ) starts at leader epoch 0 from offset 0 with partition epoch 0, high watermark 0, ISR [0], adding replicas [] and removing replicas [] . Previous leader None and previous leader epoch was -1. (state.change.logger)
[2024-01-07 15:02:16,617] INFO [Broker id=0] Leader __consumer_offsets-26 with topic id Some(z_3_HE5tS4esL1u0PgJ9wQ) starts at leader epoch 0 from offset 0 with partition epoch 0, high watermark 0, ISR [0], adding replicas [] and removing replicas [] . Previous leader None and previous leader epoch was -1. (state.change.logger)
[2024-01-07 15:02:16,638] INFO [Broker id=0] Leader like-0 with topic id Some(a2heFrXpSHqXt1BXgK_b8Q) starts at leader epoch 0 from offset 0 with partition epoch 0, high watermark 0, ISR [0], adding replicas [] and removing replicas [] . Previous leader None and previous leader epoch was -1. (state.change.logger)
[2024-01-07 15:02:16,675] INFO [Broker id=0] Leader __consumer_offsets-7 with topic id Some(z_3_HE5tS4esL1u0PgJ9wQ) starts at leader epoch 0 from offset 0 with partition epoch 0, high watermark 0, ISR [0], adding replicas [] and removing replicas [] . Previous leader None and previous leader epoch was -1. (state.change.logger)
[2024-01-07 15:02:16,702] INFO [Broker id=0] Leader __consumer_offsets-42 with topic id Some(z_3_HE5tS4esL1u0PgJ9wQ) starts at leader epoch 0 from offset 0 with partition epoch 0, high watermark 0, ISR [0], adding replicas [] and removing replicas [] . Previous leader None and previous leader epoch was -1. (state.change.logger)
[2024-01-07 15:02:16,724] INFO [Broker id=0] Leader __consumer_offsets-4 with topic id Some(z_3_HE5tS4esL1u0PgJ9wQ) starts at leader epoch 0 from offset 0 with partition epoch 0, high watermark 0, ISR [0], adding replicas [] and removing replicas [] . Previous leader None and previous leader epoch was -1. (state.change.logger)
[2024-01-07 15:02:16,750] INFO [Broker id=0] Leader __consumer_offsets-23 with topic id Some(z_3_HE5tS4esL1u0PgJ9wQ) starts at leader epoch 0 from offset 0 with partition epoch 0, high watermark 0, ISR [0], adding replicas [] and removing replicas [] . Previous leader None and previous leader epoch was -1. (state.change.logger)
[2024-01-07 15:02:16,780] INFO [Broker id=0] Leader __consumer_offsets-1 with topic id Some(z_3_HE5tS4esL1u0PgJ9wQ) starts at leader epoch 0 from offset 0 with partition epoch 0, high watermark 0, ISR [0], adding replicas [] and removing replicas [] . Previous leader None and previous leader epoch was -1. (state.change.logger)
[2024-01-07 15:02:16,802] INFO [Broker id=0] Leader __consumer_offsets-20 with topic id Some(z_3_HE5tS4esL1u0PgJ9wQ) starts at leader epoch 0 from offset 0 with partition epoch 0, high watermark 0, ISR [0], adding replicas [] and removing replicas [] . Previous leader None and previous leader epoch was -1. (state.change.logger)
[2024-01-07 15:02:16,844] INFO [Broker id=0] Leader __consumer_offsets-39 with topic id Some(z_3_HE5tS4esL1u0PgJ9wQ) starts at leader epoch 0 from offset 0 with partition epoch 0, high watermark 0, ISR [0], adding replicas [] and removing replicas [] . Previous leader None and previous leader epoch was -1. (state.change.logger)
[2024-01-07 15:02:16,866] INFO [Broker id=0] Leader __consumer_offsets-17 with topic id Some(z_3_HE5tS4esL1u0PgJ9wQ) starts at leader epoch 0 from offset 0 with partition epoch 0, high watermark 0, ISR [0], adding replicas [] and removing replicas [] . Previous leader None and previous leader epoch was -1. (state.change.logger)
[2024-01-07 15:02:16,887] INFO [Broker id=0] Leader __consumer_offsets-36 with topic id Some(z_3_HE5tS4esL1u0PgJ9wQ) starts at leader epoch 0 from offset 0 with partition epoch 0, high watermark 0, ISR [0], adding replicas [] and removing replicas [] . Previous leader None and previous leader epoch was -1. (state.change.logger)
[2024-01-07 15:02:16,907] INFO [Broker id=0] Leader __consumer_offsets-14 with topic id Some(z_3_HE5tS4esL1u0PgJ9wQ) starts at leader epoch 0 from offset 0 with partition epoch 0, high watermark 0, ISR [0], adding replicas [] and removing replicas [] . Previous leader None and previous leader epoch was -1. (state.change.logger)
[2024-01-07 15:02:16,933] INFO [Broker id=0] Leader __consumer_offsets-33 with topic id Some(z_3_HE5tS4esL1u0PgJ9wQ) starts at leader epoch 0 from offset 0 with partition epoch 0, high watermark 0, ISR [0], adding replicas [] and removing replicas [] . Previous leader None and previous leader epoch was -1. (state.change.logger)
[2024-01-07 15:02:16,965] INFO [Broker id=0] Leader __consumer_offsets-49 with topic id Some(z_3_HE5tS4esL1u0PgJ9wQ) starts at leader epoch 0 from offset 0 with partition epoch 0, high watermark 0, ISR [0], adding replicas [] and removing replicas [] . Previous leader None and previous leader epoch was -1. (state.change.logger)
[2024-01-07 15:02:16,988] INFO [Broker id=0] Leader __consumer_offsets-11 with topic id Some(z_3_HE5tS4esL1u0PgJ9wQ) starts at leader epoch 0 from offset 0 with partition epoch 0, high watermark 0, ISR [0], adding replicas [] and removing replicas [] . Previous leader None and previous leader epoch was -1. (state.change.logger)
[2024-01-07 15:02:17,010] INFO [Broker id=0] Leader __consumer_offsets-30 with topic id Some(z_3_HE5tS4esL1u0PgJ9wQ) starts at leader epoch 0 from offset 0 with partition epoch 0, high watermark 0, ISR [0], adding replicas [] and removing replicas [] . Previous leader None and previous leader epoch was -1. (state.change.logger)
[2024-01-07 15:02:17,029] INFO [Broker id=0] Leader __consumer_offsets-46 with topic id Some(z_3_HE5tS4esL1u0PgJ9wQ) starts at leader epoch 0 from offset 0 with partition epoch 0, high watermark 0, ISR [0], adding replicas [] and removing replicas [] . Previous leader None and previous leader epoch was -1. (state.change.logger)
[2024-01-07 15:02:17,052] INFO [Broker id=0] Leader __consumer_offsets-27 with topic id Some(z_3_HE5tS4esL1u0PgJ9wQ) starts at leader epoch 0 from offset 0 with partition epoch 0, high watermark 0, ISR [0], adding replicas [] and removing replicas [] . Previous leader None and previous leader epoch was -1. (state.change.logger)
[2024-01-07 15:02:17,078] INFO [Broker id=0] Leader __consumer_offsets-8 with topic id Some(z_3_HE5tS4esL1u0PgJ9wQ) starts at leader epoch 0 from offset 0 with partition epoch 0, high watermark 0, ISR [0], adding replicas [] and removing replicas [] . Previous leader None and previous leader epoch was -1. (state.change.logger)
[2024-01-07 15:02:17,097] INFO [Broker id=0] Leader __consumer_offsets-24 with topic id Some(z_3_HE5tS4esL1u0PgJ9wQ) starts at leader epoch 0 from offset 0 with partition epoch 0, high watermark 0, ISR [0], adding replicas [] and removing replicas [] . Previous leader None and previous leader epoch was -1. (state.change.logger)
[2024-01-07 15:02:17,119] INFO [Broker id=0] Leader __consumer_offsets-43 with topic id Some(z_3_HE5tS4esL1u0PgJ9wQ) starts at leader epoch 0 from offset 0 with partition epoch 0, high watermark 0, ISR [0], adding replicas [] and removing replicas [] . Previous leader None and previous leader epoch was -1. (state.change.logger)
[2024-01-07 15:02:17,139] INFO [Broker id=0] Leader __consumer_offsets-5 with topic id Some(z_3_HE5tS4esL1u0PgJ9wQ) starts at leader epoch 0 from offset 0 with partition epoch 0, high watermark 0, ISR [0], adding replicas [] and removing replicas [] . Previous leader None and previous leader epoch was -1. (state.change.logger)
[2024-01-07 15:02:17,159] INFO [Broker id=0] Leader comment-0 with topic id Some(pgots94cTWysu6gDWv4XSA) starts at leader epoch 0 from offset 0 with partition epoch 0, high watermark 0, ISR [0], adding replicas [] and removing replicas [] . Previous leader None and previous leader epoch was -1. (state.change.logger)
[2024-01-07 15:02:17,198] INFO [Broker id=0] Leader __consumer_offsets-21 with topic id Some(z_3_HE5tS4esL1u0PgJ9wQ) starts at leader epoch 0 from offset 0 with partition epoch 0, high watermark 0, ISR [0], adding replicas [] and removing replicas [] . Previous leader None and previous leader epoch was -1. (state.change.logger)
[2024-01-07 15:02:17,217] INFO [Broker id=0] Leader __consumer_offsets-40 with topic id Some(z_3_HE5tS4esL1u0PgJ9wQ) starts at leader epoch 0 from offset 0 with partition epoch 0, high watermark 0, ISR [0], adding replicas [] and removing replicas [] . Previous leader None and previous leader epoch was -1. (state.change.logger)
[2024-01-07 15:02:17,235] INFO [Broker id=0] Leader __consumer_offsets-2 with topic id Some(z_3_HE5tS4esL1u0PgJ9wQ) starts at leader epoch 0 from offset 0 with partition epoch 0, high watermark 0, ISR [0], adding replicas [] and removing replicas [] . Previous leader None and previous leader epoch was -1. (state.change.logger)
[2024-01-07 15:02:17,255] INFO [Broker id=0] Leader __consumer_offsets-37 with topic id Some(z_3_HE5tS4esL1u0PgJ9wQ) starts at leader epoch 0 from offset 0 with partition epoch 0, high watermark 0, ISR [0], adding replicas [] and removing replicas [] . Previous leader None and previous leader epoch was -1. (state.change.logger)
[2024-01-07 15:02:17,276] INFO [Broker id=0] Leader __consumer_offsets-18 with topic id Some(z_3_HE5tS4esL1u0PgJ9wQ) starts at leader epoch 0 from offset 0 with partition epoch 0, high watermark 0, ISR [0], adding replicas [] and removing replicas [] . Previous leader None and previous leader epoch was -1. (state.change.logger)
[2024-01-07 15:02:17,302] INFO [Broker id=0] Leader __consumer_offsets-34 with topic id Some(z_3_HE5tS4esL1u0PgJ9wQ) starts at leader epoch 0 from offset 0 with partition epoch 0, high watermark 0, ISR [0], adding replicas [] and removing replicas [] . Previous leader None and previous leader epoch was -1. (state.change.logger)
[2024-01-07 15:02:17,325] INFO [Broker id=0] Leader __consumer_offsets-15 with topic id Some(z_3_HE5tS4esL1u0PgJ9wQ) starts at leader epoch 0 from offset 0 with partition epoch 0, high watermark 0, ISR [0], adding replicas [] and removing replicas [] . Previous leader None and previous leader epoch was -1. (state.change.logger)
[2024-01-07 15:02:17,344] INFO [Broker id=0] Leader __consumer_offsets-12 with topic id Some(z_3_HE5tS4esL1u0PgJ9wQ) starts at leader epoch 0 from offset 0 with partition epoch 0, high watermark 0, ISR [0], adding replicas [] and removing replicas [] . Previous leader None and previous leader epoch was -1. (state.change.logger)
[2024-01-07 15:02:17,363] INFO [Broker id=0] Leader __consumer_offsets-31 with topic id Some(z_3_HE5tS4esL1u0PgJ9wQ) starts at leader epoch 0 from offset 0 with partition epoch 0, high watermark 0, ISR [0], adding replicas [] and removing replicas [] . Previous leader None and previous leader epoch was -1. (state.change.logger)
[2024-01-07 15:02:17,385] INFO [Broker id=0] Leader __consumer_offsets-9 with topic id Some(z_3_HE5tS4esL1u0PgJ9wQ) starts at leader epoch 0 from offset 0 with partition epoch 0, high watermark 0, ISR [0], adding replicas [] and removing replicas [] . Previous leader None and previous leader epoch was -1. (state.change.logger)
[2024-01-07 15:02:17,408] INFO [Broker id=0] Leader __consumer_offsets-47 with topic id Some(z_3_HE5tS4esL1u0PgJ9wQ) starts at leader epoch 0 from offset 0 with partition epoch 0, high watermark 0, ISR [0], adding replicas [] and removing replicas [] . Previous leader None and previous leader epoch was -1. (state.change.logger)
[2024-01-07 15:02:17,429] INFO [Broker id=0] Leader __consumer_offsets-19 with topic id Some(z_3_HE5tS4esL1u0PgJ9wQ) starts at leader epoch 0 from offset 0 with partition epoch 0, high watermark 0, ISR [0], adding replicas [] and removing replicas [] . Previous leader None and previous leader epoch was -1. (state.change.logger)
[2024-01-07 15:02:17,448] INFO [Broker id=0] Leader __consumer_offsets-28 with topic id Some(z_3_HE5tS4esL1u0PgJ9wQ) starts at leader epoch 0 from offset 0 with partition epoch 0, high watermark 0, ISR [0], adding replicas [] and removing replicas [] . Previous leader None and previous leader epoch was -1. (state.change.logger)
[2024-01-07 15:02:17,466] INFO [Broker id=0] Leader __consumer_offsets-38 with topic id Some(z_3_HE5tS4esL1u0PgJ9wQ) starts at leader epoch 0 from offset 0 with partition epoch 0, high watermark 0, ISR [0], adding replicas [] and removing replicas [] . Previous leader None and previous leader epoch was -1. (state.change.logger)
[2024-01-07 15:02:17,483] INFO [Broker id=0] Leader __consumer_offsets-35 with topic id Some(z_3_HE5tS4esL1u0PgJ9wQ) starts at leader epoch 0 from offset 0 with partition epoch 0, high watermark 0, ISR [0], adding replicas [] and removing replicas [] . Previous leader None and previous leader epoch was -1. (state.change.logger)
[2024-01-07 15:02:17,502] INFO [Broker id=0] Leader __consumer_offsets-6 with topic id Some(z_3_HE5tS4esL1u0PgJ9wQ) starts at leader epoch 0 from offset 0 with partition epoch 0, high watermark 0, ISR [0], adding replicas [] and removing replicas [] . Previous leader None and previous leader epoch was -1. (state.change.logger)
[2024-01-07 15:02:17,521] INFO [Broker id=0] Leader __consumer_offsets-44 with topic id Some(z_3_HE5tS4esL1u0PgJ9wQ) starts at leader epoch 0 from offset 0 with partition epoch 0, high watermark 0, ISR [0], adding replicas [] and removing replicas [] . Previous leader None and previous leader epoch was -1. (state.change.logger)
[2024-01-07 15:02:17,539] INFO [Broker id=0] Leader __consumer_offsets-25 with topic id Some(z_3_HE5tS4esL1u0PgJ9wQ) starts at leader epoch 0 from offset 0 with partition epoch 0, high watermark 0, ISR [0], adding replicas [] and removing replicas [] . Previous leader None and previous leader epoch was -1. (state.change.logger)
[2024-01-07 15:02:17,557] INFO [Broker id=0] Leader __consumer_offsets-16 with topic id Some(z_3_HE5tS4esL1u0PgJ9wQ) starts at leader epoch 0 from offset 0 with partition epoch 0, high watermark 0, ISR [0], adding replicas [] and removing replicas [] . Previous leader None and previous leader epoch was -1. (state.change.logger)
[2024-01-07 15:02:17,574] INFO [Broker id=0] Leader __consumer_offsets-22 with topic id Some(z_3_HE5tS4esL1u0PgJ9wQ) starts at leader epoch 0 from offset 0 with partition epoch 0, high watermark 0, ISR [0], adding replicas [] and removing replicas [] . Previous leader None and previous leader epoch was -1. (state.change.logger)
[2024-01-07 15:02:17,595] INFO [Broker id=0] Leader __consumer_offsets-41 with topic id Some(z_3_HE5tS4esL1u0PgJ9wQ) starts at leader epoch 0 from offset 0 with partition epoch 0, high watermark 0, ISR [0], adding replicas [] and removing replicas [] . Previous leader None and previous leader epoch was -1. (state.change.logger)
[2024-01-07 15:02:17,615] INFO [Broker id=0] Leader __consumer_offsets-32 with topic id Some(z_3_HE5tS4esL1u0PgJ9wQ) starts at leader epoch 0 from offset 0 with partition epoch 0, high watermark 0, ISR [0], adding replicas [] and removing replicas [] . Previous leader None and previous leader epoch was -1. (state.change.logger)
[2024-01-07 15:02:17,635] INFO [Broker id=0] Leader __consumer_offsets-3 with topic id Some(z_3_HE5tS4esL1u0PgJ9wQ) starts at leader epoch 0 from offset 0 with partition epoch 0, high watermark 0, ISR [0], adding replicas [] and removing replicas [] . Previous leader None and previous leader epoch was -1. (state.change.logger)
[2024-01-07 15:02:17,655] INFO [Broker id=0] Leader __consumer_offsets-13 with topic id Some(z_3_HE5tS4esL1u0PgJ9wQ) starts at leader epoch 0 from offset 0 with partition epoch 0, high watermark 0, ISR [0], adding replicas [] and removing replicas [] . Previous leader None and previous leader epoch was -1. (state.change.logger)
[2024-01-07 15:02:17,717] INFO [Broker id=0] Finished LeaderAndIsr request in 1316ms correlationId 3 from controller 0 for 52 partitions (state.change.logger)
[2024-01-07 15:02:17,722] INFO [Broker id=0] Add 52 partitions and deleted 0 partitions from metadata cache in response to UpdateMetadata request sent by controller 0 epoch 3 with correlation id 4 (state.change.logger)
